<?xml version="1.0" encoding="UTF-8"?>
<!-- Generated by org.testng.reporters.JUnitXMLReporter -->
<testsuite hostname="LAPTOP-I4J9J8I4" ignored="0" name="Default test" tests="4" failures="0" timestamp="25 May 2020 15:11:43 GMT" time="90.036" errors="0">
  <testcase name="verifyContactsPageLabelTest" time="0.133" classname="com.crm.qa.testcases.ContactsPageTest"/>
  <testcase name="selectSingleContactsTest" time="3.4" classname="com.crm.qa.testcases.ContactsPageTest"/>
  <testcase name="selectMultipleContactsLabel" time="3.519" classname="com.crm.qa.testcases.ContactsPageTest"/>
  <testcase name="validateNewContactTest" time="3.955" classname="com.crm.qa.testcases.ContactsPageTest"/>
</testsuite> <!-- Default test -->
