<?xml version="1.0" encoding="UTF-8"?>
<!-- Generated by org.testng.reporters.JUnitXMLReporter -->
<testsuite hostname="LAPTOP-I4J9J8I4" ignored="0" name="Command line test" tests="10" failures="0" timestamp="26 May 2020 06:05:54 GMT" time="179.648" errors="0">
  <testcase name="verifyContactsPageLabelTest" time="0.105" classname="com.crm.qa.testcases.ContactsPageTest"/>
  <testcase name="verifyHomepageTitleTest" time="0.007" classname="com.crm.qa.testcases.HomePageTest"/>
  <testcase name="loginpageTitleTest" time="0.012" classname="com.crm.qa.testcases.LoginPageTest"/>
  <testcase name="selectSingleContactsTest" time="3.606" classname="com.crm.qa.testcases.ContactsPageTest"/>
  <testcase name="verifyUserNameTest" time="2.538" classname="com.crm.qa.testcases.HomePageTest"/>
  <testcase name="crmLogoImgTest" time="0.233" classname="com.crm.qa.testcases.LoginPageTest"/>
  <testcase name="selectMultipleContactsLabel" time="3.153" classname="com.crm.qa.testcases.ContactsPageTest"/>
  <testcase name="verifyContactsLinkTest" time="1.733" classname="com.crm.qa.testcases.HomePageTest"/>
  <testcase name="loginTest" time="4.424" classname="com.crm.qa.testcases.LoginPageTest"/>
  <testcase name="validateNewContactTest" time="4.495" classname="com.crm.qa.testcases.ContactsPageTest"/>
</testsuite> <!-- Command line test -->
